<?xml version="1.0" encoding="UTF-8"?>
<!-- Generated by org.testng.reporters.JUnitReportReporter -->
<testsuite skipped="0" hostname="ATETERKA01" name="org.maven.test.Ebay" tests="4" failures="0" timestamp="28 Feb 2019 16:50:57 GMT" time="8.639" errors="0">
  <testcase name="LogIn" time="2.044" classname="org.maven.test.Ebay"/>
  <testcase name="LogIn" time="2.274" classname="org.maven.test.Ebay"/>
  <testcase name="LogIn" time="2.509" classname="org.maven.test.Ebay"/>
  <testcase name="LogIn" time="1.812" classname="org.maven.test.Ebay"/>
</testsuite> <!-- org.maven.test.Ebay -->
