<?xml version="1.0" encoding="UTF-8"?>
<!-- Generated by org.testng.reporters.JUnitReportReporter -->
<testsuite hostname="Home-PC" failures="0" tests="1" name="test.SelectTest" time="3.853" errors="0" timestamp="30 бер. 2019 15:12:30 GMT" skipped="0">
  <testcase classname="test.SelectTest" name="DropDown" time="3.853"/>
</testsuite> <!-- test.SelectTest -->
