<?xml version="1.0" encoding="UTF-8"?>
<!-- Generated by org.testng.reporters.JUnitReportReporter -->
<testsuite hostname="Home-PC" failures="0" tests="1" name="test.LoginTest" time="7.660" errors="0" timestamp="2019-03-09T21:55:38 EET" skipped="0">
  <testcase classname="test.LoginTest" name="emptyValuesLogIn" time="7.660"/>
</testsuite> <!-- test.LoginTest -->
