<?xml version="1.0" encoding="UTF-8"?>
<!-- Generated by org.testng.reporters.JUnitReportReporter -->
<testsuite skipped="0" hostname="ATETERKA01" name="test.SelectTest" tests="1" failures="0" timestamp="21 Mar 2019 12:29:50 GMT" time="4.898" errors="0">
  <testcase name="DropDown" time="4.898" classname="test.SelectTest"/>
</testsuite> <!-- test.SelectTest -->
