<?xml version="1.0" encoding="UTF-8"?>
<!-- Generated by org.testng.reporters.JUnitReportReporter -->
<testsuite hostname="Home-PC" failures="0" tests="1" name="test.LoginTest" time="9.640" errors="0" timestamp="30 бер. 2019 19:42:57 GMT" skipped="0">
  <testcase classname="test.LoginTest" name="LogIn" time="9.640"/>
</testsuite> <!-- test.LoginTest -->
