<?xml version="1.0" encoding="UTF-8"?>
<!-- Generated by org.testng.reporters.JUnitReportReporter -->
<testsuite hostname="Home-PC" failures="0" tests="1" name="test.LoginTest" time="8.483" errors="0" timestamp="2019-03-09T22:29:53 EET" skipped="0">
  <testcase classname="test.LoginTest" name="LogIn" time="8.483"/>
</testsuite> <!-- test.LoginTest -->
