<?xml version="1.0" encoding="UTF-8"?>
<!-- Generated by org.testng.reporters.JUnitReportReporter -->
<testsuite skipped="0" hostname="ATETERKA01" name="test.LoginTest" tests="1" failures="0" timestamp="22 Apr 2019 09:50:13 GMT" time="15.541" errors="0">
  <testcase name="LogIn" time="15.541" classname="test.LoginTest"/>
</testsuite> <!-- test.LoginTest -->
