<?xml version="1.0" encoding="UTF-8"?>
<!-- Generated by org.testng.reporters.JUnitReportReporter -->
<testsuite hostname="Home-PC" failures="0" tests="1" name="test.LoginTest" time="10.596" errors="0" timestamp="06 квіт. 2019 14:18:04 GMT" skipped="0">
  <testcase classname="test.LoginTest" name="LogIn" time="10.596"/>
</testsuite> <!-- test.LoginTest -->
