<?xml version="1.0" encoding="UTF-8"?>
<!-- Generated by org.testng.reporters.JUnitReportReporter -->
<testsuite skipped="0" hostname="ATETERKA01" name="test.LoginTest" tests="1" failures="0" timestamp="21 Mar 2019 10:14:51 GMT" time="11.426" errors="0">
  <testcase name="LogIn" time="11.426" classname="test.LoginTest"/>
</testsuite> <!-- test.LoginTest -->
