<?xml version="1.0" encoding="UTF-8"?>
<!-- Generated by org.testng.reporters.JUnitReportReporter -->
<testsuite hostname="Home-PC" failures="0" tests="1" name="test.LoginTest" time="9.008" errors="0" timestamp="09 бер. 2019 20:53:26 GMT" skipped="0">
  <testcase classname="test.LoginTest" name="LogIn" time="9.008"/>
</testsuite> <!-- test.LoginTest -->
